{"C:\\Users\\Dell\\Desktop\\6s\\stm_new\\frontend\\src\\api\\authApi.ts": {"path":"C:\\Users\\Dell\\Desktop\\6s\\stm_new\\frontend\\src\\api\\authApi.ts","statementMap":{"0":{"start":{"line":1,"column":16},"end":{"line":1,"column":39}},"1":{"start":{"line":3,"column":21},"end":{"line":11,"column":1}},"2":{"start":{"line":4,"column":14},"end":{"line":8,"column":4}},"3":{"start":{"line":9,"column":2},"end":{"line":9,"column":47}},"4":{"start":{"line":9,"column":15},"end":{"line":9,"column":47}},"5":{"start":{"line":10,"column":2},"end":{"line":10,"column":20}},"6":{"start":{"line":3,"column":13},"end":{"line":3,"column":21}},"7":{"start":{"line":13,"column":24},"end":{"line":21,"column":1}},"8":{"start":{"line":14,"column":14},"end":{"line":18,"column":4}},"9":{"start":{"line":19,"column":2},"end":{"line":19,"column":54}},"10":{"start":{"line":19,"column":15},"end":{"line":19,"column":54}},"11":{"start":{"line":20,"column":2},"end":{"line":20,"column":20}},"12":{"start":{"line":13,"column":13},"end":{"line":13,"column":24}},"13":{"start":{"line":23,"column":30},"end":{"line":37,"column":1}},"14":{"start":{"line":24,"column":14},"end":{"line":31,"column":4}},"15":{"start":{"line":32,"column":2},"end":{"line":35,"column":3}},"16":{"start":{"line":33,"column":18},"end":{"line":33,"column":34}},"17":{"start":{"line":34,"column":4},"end":{"line":34,"column":66}},"18":{"start":{"line":36,"column":2},"end":{"line":36,"column":20}},"19":{"start":{"line":23,"column":13},"end":{"line":23,"column":30}}},"fnMap":{"0":{"name":"(anonymous_0)","decl":{"start":{"line":3,"column":21},"end":{"line":3,"column":26}},"loc":{"start":{"line":3,"column":63},"end":{"line":11,"column":1}}},"1":{"name":"(anonymous_1)","decl":{"start":{"line":13,"column":24},"end":{"line":13,"column":29}},"loc":{"start":{"line":13,"column":131},"end":{"line":21,"column":1}}},"2":{"name":"(anonymous_2)","decl":{"start":{"line":23,"column":30},"end":{"line":23,"column":35}},"loc":{"start":{"line":23,"column":96},"end":{"line":37,"column":1}}}},"branchMap":{"0":{"loc":{"start":{"line":9,"column":2},"end":{"line":9,"column":47}},"type":"if","locations":[{"start":{"line":9,"column":2},"end":{"line":9,"column":47}},{"start":{},"end":{}}]},"1":{"loc":{"start":{"line":13,"column":78},"end":{"line":13,"column":127}},"type":"default-arg","locations":[{"start":{"line":13,"column":118},"end":{"line":13,"column":127}}]},"2":{"loc":{"start":{"line":19,"column":2},"end":{"line":19,"column":54}},"type":"if","locations":[{"start":{"line":19,"column":2},"end":{"line":19,"column":54}},{"start":{},"end":{}}]},"3":{"loc":{"start":{"line":32,"column":2},"end":{"line":35,"column":3}},"type":"if","locations":[{"start":{"line":32,"column":2},"end":{"line":35,"column":3}},{"start":{},"end":{}}]},"4":{"loc":{"start":{"line":34,"column":20},"end":{"line":34,"column":64}},"type":"binary-expr","locations":[{"start":{"line":34,"column":20},"end":{"line":34,"column":33}},{"start":{"line":34,"column":37},"end":{"line":34,"column":64}}]}},"s":{"0":2,"1":2,"2":2,"3":2,"4":1,"5":1,"6":2,"7":2,"8":3,"9":3,"10":1,"11":2,"12":2,"13":2,"14":3,"15":3,"16":2,"17":2,"18":1,"19":2},"f":{"0":2,"1":3,"2":3},"b":{"0":[1,1],"1":[2],"2":[1,2],"3":[2,1],"4":[2,1]}}
,"C:\\Users\\Dell\\Desktop\\6s\\stm_new\\frontend\\src\\components\\ui\\button.tsx": {"path":"C:\\Users\\Dell\\Desktop\\6s\\stm_new\\frontend\\src\\components\\ui\\button.tsx","statementMap":{"0":{"start":{"line":1,"column":0},"end":{"line":1,"column":30}},"1":{"start":{"line":2,"column":0},"end":{"line":2,"column":43}},"2":{"start":{"line":3,"column":0},"end":{"line":3,"column":65}},"3":{"start":{"line":5,"column":0},"end":{"line":5,"column":32}},"4":{"start":{"line":7,"column":23},"end":{"line":34,"column":null}},"5":{"start":{"line":57,"column":17},"end":{"line":57,"column":31}},"6":{"start":{"line":43,"column":15},"end":{"line":53,"column":null}},"7":{"start":{"line":45,"column":17},"end":{"line":45,"column":42}},"8":{"start":{"line":46,"column":4},"end":{"line":52,"column":null}},"9":{"start":{"line":57,"column":9},"end":{"line":57,"column":15}},"10":{"start":{"line":55,"column":0},"end":{"line":55,"column":null}}},"fnMap":{"0":{"name":"(anonymous_9)","decl":{"start":{"line":44,"column":2},"end":{"line":44,"column":3}},"loc":{"start":{"line":44,"column":67},"end":{"line":53,"column":3}}}},"branchMap":{"0":{"loc":{"start":{"line":44,"column":31},"end":{"line":44,"column":46}},"type":"default-arg","locations":[{"start":{"line":44,"column":41},"end":{"line":44,"column":46}}]},"1":{"loc":{"start":{"line":45,"column":17},"end":{"line":45,"column":42}},"type":"cond-expr","locations":[{"start":{"line":45,"column":27},"end":{"line":45,"column":31}},{"start":{"line":45,"column":34},"end":{"line":45,"column":42}}]}},"s":{"0":1,"1":1,"2":1,"3":1,"4":1,"5":1,"6":1,"7":14,"8":14,"9":1,"10":1},"f":{"0":14},"b":{"0":[14],"1":[0,14]}}
,"C:\\Users\\Dell\\Desktop\\6s\\stm_new\\frontend\\src\\components\\ui\\card.tsx": {"path":"C:\\Users\\Dell\\Desktop\\6s\\stm_new\\frontend\\src\\components\\ui\\card.tsx","statementMap":{"0":{"start":{"line":1,"column":0},"end":{"line":1,"column":30}},"1":{"start":{"line":3,"column":0},"end":{"line":3,"column":32}},"2":{"start":{"line":5,"column":13},"end":{"line":17,"column":2}},"3":{"start":{"line":9,"column":2},"end":{"line":15,"column":null}},"4":{"start":{"line":76,"column":9},"end":{"line":76,"column":13}},"5":{"start":{"line":18,"column":0},"end":{"line":18,"column":null}},"6":{"start":{"line":20,"column":19},"end":{"line":29,"column":2}},"7":{"start":{"line":24,"column":2},"end":{"line":27,"column":null}},"8":{"start":{"line":76,"column":15},"end":{"line":76,"column":25}},"9":{"start":{"line":30,"column":0},"end":{"line":30,"column":null}},"10":{"start":{"line":32,"column":18},"end":{"line":41,"column":2}},"11":{"start":{"line":36,"column":2},"end":{"line":39,"column":null}},"12":{"start":{"line":76,"column":39},"end":{"line":76,"column":48}},"13":{"start":{"line":42,"column":0},"end":{"line":42,"column":null}},"14":{"start":{"line":44,"column":24},"end":{"line":53,"column":2}},"15":{"start":{"line":48,"column":2},"end":{"line":51,"column":null}},"16":{"start":{"line":76,"column":50},"end":{"line":76,"column":65}},"17":{"start":{"line":54,"column":0},"end":{"line":54,"column":null}},"18":{"start":{"line":56,"column":20},"end":{"line":61,"column":2}},"19":{"start":{"line":60,"column":2},"end":{"line":60,"column":68}},"20":{"start":{"line":76,"column":67},"end":{"line":76,"column":78}},"21":{"start":{"line":62,"column":0},"end":{"line":62,"column":null}},"22":{"start":{"line":64,"column":19},"end":{"line":73,"column":2}},"23":{"start":{"line":68,"column":2},"end":{"line":71,"column":null}},"24":{"start":{"line":76,"column":27},"end":{"line":76,"column":37}},"25":{"start":{"line":74,"column":0},"end":{"line":74,"column":null}}},"fnMap":{"0":{"name":"(anonymous_9)","decl":{"start":{"line":8,"column":2},"end":{"line":8,"column":3}},"loc":{"start":{"line":9,"column":2},"end":{"line":15,"column":null}}},"1":{"name":"(anonymous_10)","decl":{"start":{"line":23,"column":2},"end":{"line":23,"column":3}},"loc":{"start":{"line":24,"column":2},"end":{"line":27,"column":null}}},"2":{"name":"(anonymous_11)","decl":{"start":{"line":35,"column":2},"end":{"line":35,"column":3}},"loc":{"start":{"line":36,"column":2},"end":{"line":39,"column":null}}},"3":{"name":"(anonymous_12)","decl":{"start":{"line":47,"column":2},"end":{"line":47,"column":3}},"loc":{"start":{"line":48,"column":2},"end":{"line":51,"column":null}}},"4":{"name":"(anonymous_13)","decl":{"start":{"line":59,"column":2},"end":{"line":59,"column":3}},"loc":{"start":{"line":60,"column":2},"end":{"line":60,"column":68}}},"5":{"name":"(anonymous_14)","decl":{"start":{"line":67,"column":2},"end":{"line":67,"column":3}},"loc":{"start":{"line":68,"column":2},"end":{"line":71,"column":null}}}},"branchMap":{},"s":{"0":1,"1":1,"2":1,"3":14,"4":1,"5":1,"6":1,"7":0,"8":1,"9":1,"10":1,"11":0,"12":1,"13":1,"14":1,"15":0,"16":1,"17":1,"18":1,"19":0,"20":1,"21":1,"22":1,"23":0,"24":1,"25":1},"f":{"0":14,"1":0,"2":0,"3":0,"4":0,"5":0},"b":{}}
,"C:\\Users\\Dell\\Desktop\\6s\\stm_new\\frontend\\src\\components\\ui\\input.tsx": {"path":"C:\\Users\\Dell\\Desktop\\6s\\stm_new\\frontend\\src\\components\\ui\\input.tsx","statementMap":{"0":{"start":{"line":1,"column":0},"end":{"line":1,"column":30}},"1":{"start":{"line":3,"column":0},"end":{"line":3,"column":32}},"2":{"start":{"line":5,"column":14},"end":{"line":18,"column":null}},"3":{"start":{"line":7,"column":4},"end":{"line":17,"column":null}},"4":{"start":{"line":22,"column":9},"end":{"line":22,"column":14}},"5":{"start":{"line":20,"column":0},"end":{"line":20,"column":null}}},"fnMap":{"0":{"name":"(anonymous_9)","decl":{"start":{"line":6,"column":2},"end":{"line":6,"column":3}},"loc":{"start":{"line":6,"column":41},"end":{"line":18,"column":3}}}},"branchMap":{},"s":{"0":1,"1":1,"2":1,"3":28,"4":1,"5":1},"f":{"0":28},"b":{}}
,"C:\\Users\\Dell\\Desktop\\6s\\stm_new\\frontend\\src\\context\\AuthContext.tsx": {"path":"C:\\Users\\Dell\\Desktop\\6s\\stm_new\\frontend\\src\\context\\AuthContext.tsx","statementMap":{"0":{"start":{"line":2,"column":0},"end":{"line":2,"column":38}},"1":{"start":{"line":6,"column":13},"end":{"line":6,"column":71}}},"fnMap":{},"branchMap":{},"s":{"0":1,"1":1},"f":{},"b":{}}
,"C:\\Users\\Dell\\Desktop\\6s\\stm_new\\frontend\\src\\context\\useAuth.ts": {"path":"C:\\Users\\Dell\\Desktop\\6s\\stm_new\\frontend\\src\\context\\useAuth.ts","statementMap":{"0":{"start":{"line":1,"column":0},"end":{"line":1,"column":35}},"1":{"start":{"line":2,"column":0},"end":{"line":2,"column":51}},"2":{"start":{"line":4,"column":23},"end":{"line":10,"column":1}},"3":{"start":{"line":5,"column":14},"end":{"line":5,"column":37}},"4":{"start":{"line":6,"column":2},"end":{"line":8,"column":3}},"5":{"start":{"line":7,"column":4},"end":{"line":7,"column":64}},"6":{"start":{"line":9,"column":2},"end":{"line":9,"column":13}},"7":{"start":{"line":4,"column":13},"end":{"line":4,"column":23}}},"fnMap":{"0":{"name":"(anonymous_0)","decl":{"start":{"line":4,"column":23},"end":{"line":4,"column":26}},"loc":{"start":{"line":4,"column":28},"end":{"line":10,"column":1}}}},"branchMap":{"0":{"loc":{"start":{"line":6,"column":2},"end":{"line":8,"column":3}},"type":"if","locations":[{"start":{"line":6,"column":2},"end":{"line":8,"column":3}},{"start":{},"end":{}}]}},"s":{"0":1,"1":1,"2":1,"3":2,"4":2,"5":2,"6":0,"7":1},"f":{"0":2},"b":{"0":[2,0]}}
,"C:\\Users\\Dell\\Desktop\\6s\\stm_new\\frontend\\src\\lib\\utils.ts": {"path":"C:\\Users\\Dell\\Desktop\\6s\\stm_new\\frontend\\src\\lib\\utils.ts","statementMap":{"0":{"start":{"line":4,"column":0},"end":{"line":4,"column":16}},"1":{"start":{"line":1,"column":0},"end":{"line":1,"column":44}},"2":{"start":{"line":2,"column":0},"end":{"line":2,"column":40}},"3":{"start":{"line":5,"column":2},"end":{"line":5,"column":null}}},"fnMap":{"0":{"name":"cn","decl":{"start":{"line":4,"column":16},"end":{"line":4,"column":18}},"loc":{"start":{"line":4,"column":42},"end":{"line":6,"column":1}}}},"branchMap":{},"s":{"0":2,"1":2,"2":2,"3":59},"f":{"0":59},"b":{}}
,"C:\\Users\\Dell\\Desktop\\6s\\stm_new\\frontend\\src\\pages\\LoginPage.tsx": {"path":"C:\\Users\\Dell\\Desktop\\6s\\stm_new\\frontend\\src\\pages\\LoginPage.tsx","statementMap":{"0":{"start":{"line":1,"column":0},"end":{"line":1,"column":33}},"1":{"start":{"line":2,"column":0},"end":{"line":2,"column":47}},"2":{"start":{"line":3,"column":0},"end":{"line":3,"column":44}},"3":{"start":{"line":4,"column":0},"end":{"line":4,"column":38}},"4":{"start":{"line":5,"column":0},"end":{"line":5,"column":48}},"5":{"start":{"line":6,"column":0},"end":{"line":6,"column":46}},"6":{"start":{"line":7,"column":0},"end":{"line":7,"column":44}},"7":{"start":{"line":9,"column":25},"end":{"line":98,"column":1}},"8":{"start":{"line":10,"column":28},"end":{"line":10,"column":40}},"9":{"start":{"line":11,"column":34},"end":{"line":11,"column":46}},"10":{"start":{"line":12,"column":28},"end":{"line":12,"column":40}},"11":{"start":{"line":13,"column":36},"end":{"line":13,"column":51}},"12":{"start":{"line":14,"column":19},"end":{"line":14,"column":32}},"13":{"start":{"line":15,"column":31},"end":{"line":15,"column":40}},"14":{"start":{"line":17,"column":22},"end":{"line":31,"column":3}},"15":{"start":{"line":18,"column":4},"end":{"line":18,"column":23}},"16":{"start":{"line":19,"column":4},"end":{"line":19,"column":17}},"17":{"start":{"line":20,"column":4},"end":{"line":20,"column":23}},"18":{"start":{"line":22,"column":4},"end":{"line":30,"column":5}},"19":{"start":{"line":23,"column":30},"end":{"line":23,"column":58}},"20":{"start":{"line":24,"column":6},"end":{"line":24,"column":29}},"21":{"start":{"line":25,"column":6},"end":{"line":25,"column":29}},"22":{"start":{"line":27,"column":6},"end":{"line":27,"column":68}},"23":{"start":{"line":29,"column":6},"end":{"line":29,"column":26}},"24":{"start":{"line":33,"column":2},"end":{"line":97,"column":4}},"25":{"start":{"line":61,"column":33},"end":{"line":61,"column":57}},"26":{"start":{"line":75,"column":33},"end":{"line":75,"column":60}},"27":{"start":{"line":9,"column":13},"end":{"line":9,"column":25}}},"fnMap":{"0":{"name":"(anonymous_0)","decl":{"start":{"line":9,"column":25},"end":{"line":9,"column":28}},"loc":{"start":{"line":9,"column":30},"end":{"line":98,"column":1}}},"1":{"name":"(anonymous_1)","decl":{"start":{"line":17,"column":22},"end":{"line":17,"column":27}},"loc":{"start":{"line":17,"column":51},"end":{"line":31,"column":3}}},"2":{"name":"(anonymous_2)","decl":{"start":{"line":61,"column":26},"end":{"line":61,"column":27}},"loc":{"start":{"line":61,"column":33},"end":{"line":61,"column":57}}},"3":{"name":"(anonymous_3)","decl":{"start":{"line":75,"column":26},"end":{"line":75,"column":27}},"loc":{"start":{"line":75,"column":33},"end":{"line":75,"column":60}}}},"branchMap":{"0":{"loc":{"start":{"line":27,"column":15},"end":{"line":27,"column":66}},"type":"cond-expr","locations":[{"start":{"line":27,"column":38},"end":{"line":27,"column":49}},{"start":{"line":27,"column":52},"end":{"line":27,"column":66}}]},"1":{"loc":{"start":{"line":46,"column":11},"end":{"line":50,"column":null}},"type":"binary-expr","locations":[{"start":{"line":46,"column":11},"end":{"line":46,"column":16}},{"start":{"line":47,"column":12},"end":{"line":49,"column":null}}]},"2":{"loc":{"start":{"line":87,"column":13},"end":{"line":87,"column":52}},"type":"cond-expr","locations":[{"start":{"line":87,"column":25},"end":{"line":87,"column":40}},{"start":{"line":87,"column":43},"end":{"line":87,"column":52}}]}},"s":{"0":1,"1":1,"2":1,"3":1,"4":1,"5":1,"6":1,"7":1,"8":14,"9":14,"10":14,"11":14,"12":14,"13":14,"14":14,"15":2,"16":2,"17":2,"18":2,"19":2,"20":1,"21":1,"22":1,"23":2,"24":14,"25":3,"26":3,"27":1},"f":{"0":14,"1":2,"2":3,"3":3},"b":{"0":[1,0],"1":[14,1],"2":[2,12]}}
}
