TN:
SF:src\api\authApi.ts
FN:3,(anonymous_0)
FN:13,(anonymous_1)
FN:23,(anonymous_2)
FNF:3
FNH:3
FNDA:2,(anonymous_0)
FNDA:3,(anonymous_1)
FNDA:3,(anonymous_2)
DA:1,2
DA:3,2
DA:4,2
DA:9,2
DA:10,1
DA:13,2
DA:14,3
DA:19,3
DA:20,2
DA:23,2
DA:24,3
DA:32,3
DA:33,2
DA:34,2
DA:36,1
LF:15
LH:15
BRDA:9,0,0,1
BRDA:9,0,1,1
BRDA:13,1,0,2
BRDA:19,2,0,1
BRDA:19,2,1,2
BRDA:32,3,0,2
BRDA:32,3,1,1
BRDA:34,4,0,2
BRDA:34,4,1,1
BRF:9
BRH:9
end_of_record
TN:
SF:src\components\ui\button.tsx
FN:44,(anonymous_9)
FNF:1
FNH:1
FNDA:14,(anonymous_9)
DA:1,1
DA:2,1
DA:3,1
DA:5,1
DA:7,1
DA:43,1
DA:45,14
DA:46,14
DA:55,1
DA:57,1
LF:10
LH:10
BRDA:44,0,0,14
BRDA:45,1,0,0
BRDA:45,1,1,14
BRF:3
BRH:2
end_of_record
TN:
SF:src\components\ui\card.tsx
FN:8,(anonymous_9)
FN:23,(anonymous_10)
FN:35,(anonymous_11)
FN:47,(anonymous_12)
FN:59,(anonymous_13)
FN:67,(anonymous_14)
FNF:6
FNH:1
FNDA:14,(anonymous_9)
FNDA:0,(anonymous_10)
FNDA:0,(anonymous_11)
FNDA:0,(anonymous_12)
FNDA:0,(anonymous_13)
FNDA:0,(anonymous_14)
DA:1,1
DA:3,1
DA:5,1
DA:9,14
DA:18,1
DA:20,1
DA:24,0
DA:30,1
DA:32,1
DA:36,0
DA:42,1
DA:44,1
DA:48,0
DA:54,1
DA:56,1
DA:60,0
DA:62,1
DA:64,1
DA:68,0
DA:74,1
DA:76,1
LF:21
LH:16
BRF:0
BRH:0
end_of_record
TN:
SF:src\components\ui\input.tsx
FN:6,(anonymous_9)
FNF:1
FNH:1
FNDA:28,(anonymous_9)
DA:1,1
DA:3,1
DA:5,1
DA:7,28
DA:20,1
DA:22,1
LF:6
LH:6
BRF:0
BRH:0
end_of_record
TN:
SF:src\context\AuthContext.tsx
FNF:0
FNH:0
DA:2,1
DA:6,1
LF:2
LH:2
BRF:0
BRH:0
end_of_record
TN:
SF:src\context\useAuth.ts
FN:4,(anonymous_0)
FNF:1
FNH:1
FNDA:2,(anonymous_0)
DA:1,1
DA:2,1
DA:4,1
DA:5,2
DA:6,2
DA:7,2
DA:9,0
LF:7
LH:6
BRDA:6,0,0,2
BRDA:6,0,1,0
BRF:2
BRH:1
end_of_record
TN:
SF:src\lib\utils.ts
FN:4,cn
FNF:1
FNH:1
FNDA:59,cn
DA:1,2
DA:2,2
DA:4,2
DA:5,59
LF:4
LH:4
BRF:0
BRH:0
end_of_record
TN:
SF:src\pages\LoginPage.tsx
FN:9,(anonymous_0)
FN:17,(anonymous_1)
FN:61,(anonymous_2)
FN:75,(anonymous_3)
FNF:4
FNH:4
FNDA:14,(anonymous_0)
FNDA:2,(anonymous_1)
FNDA:3,(anonymous_2)
FNDA:3,(anonymous_3)
DA:1,1
DA:2,1
DA:3,1
DA:4,1
DA:5,1
DA:6,1
DA:7,1
DA:9,1
DA:10,14
DA:11,14
DA:12,14
DA:13,14
DA:14,14
DA:15,14
DA:17,14
DA:18,2
DA:19,2
DA:20,2
DA:22,2
DA:23,2
DA:24,1
DA:25,1
DA:27,1
DA:29,2
DA:33,14
DA:61,3
DA:75,3
LF:27
LH:27
BRDA:27,0,0,1
BRDA:27,0,1,0
BRDA:46,1,0,14
BRDA:46,1,1,1
BRDA:87,2,0,2
BRDA:87,2,1,12
BRF:6
BRH:5
end_of_record
